2022-12-20 13:59:33 INFO  HomePage :86 - click on Computer Menu[[ChromeDriver: chrome on WINDOWS (6c024f0d2df9588a8fd33bd0c10ef51f)] -> xpath: //body/div[6]/div[2]/ul[1]/li[1]/a[1]]
2022-12-20 13:59:34 INFO  HomePage :99 - click on Desktop[[ChromeDriver: chrome on WINDOWS (6c024f0d2df9588a8fd33bd0c10ef51f)] -> xpath: //body/div[6]/div[2]/ul[1]/li[1]/ul[1]/li[1]/a[1]]
2022-12-20 13:59:41 INFO  HomePage :111 - on Electronics tab[[ChromeDriver: chrome on WINDOWS (5fb97caf8639f5b29b7538066276cb1c)] -> xpath: //body/div[6]/div[2]/ul[1]/li[2]/a[1]]
2022-12-20 13:59:43 INFO  HomePage :117 - click on Cell Phone[[ChromeDriver: chrome on WINDOWS (5fb97caf8639f5b29b7538066276cb1c)] -> xpath: //body/div[6]/div[2]/ul[1]/li[2]/ul[1]/li[2]/a[1]]
2022-12-20 14:00:17 INFO  HomePage :86 - click on Computer Menu[[ChromeDriver: chrome on WINDOWS (900e8ee6f541d20844335fd91d8932d9)] -> xpath: //body/div[6]/div[2]/ul[1]/li[1]/a[1]]
2022-12-20 14:00:18 INFO  HomePage :99 - click on Desktop[[ChromeDriver: chrome on WINDOWS (900e8ee6f541d20844335fd91d8932d9)] -> xpath: //body/div[6]/div[2]/ul[1]/li[1]/ul[1]/li[1]/a[1]]
2022-12-20 14:01:15 INFO  HomePage :86 - click on Computer Menu[[ChromeDriver: chrome on WINDOWS (82ea684f1a7c8e05f55cc2efd61c6d99)] -> xpath: //body/div[6]/div[2]/ul[1]/li[1]/a[1]]
2022-12-20 14:01:16 INFO  HomePage :99 - click on Desktop[[ChromeDriver: chrome on WINDOWS (82ea684f1a7c8e05f55cc2efd61c6d99)] -> xpath: //body/div[6]/div[2]/ul[1]/li[1]/ul[1]/li[1]/a[1]]
2022-12-20 14:01:17 INFO  DesktopPage :39 - click on name A to Z[[ChromeDriver: chrome on WINDOWS (82ea684f1a7c8e05f55cc2efd61c6d99)] -> id: products-orderby]
2022-12-20 14:01:17 INFO  DesktopPage :51 - click on add to cart[[ChromeDriver: chrome on WINDOWS (82ea684f1a7c8e05f55cc2efd61c6d99)] -> xpath: //div[@data-productid='1']/div[2]/div[3]/div[2]/button[1]]
2022-12-20 14:01:18 INFO  BuildOwnComputerPage :69 - BuildYourComputer[[ChromeDriver: chrome on WINDOWS (82ea684f1a7c8e05f55cc2efd61c6d99)] -> xpath: //h1[contains(text(),'Build your own computer')]]
2022-12-20 14:01:18 INFO  BuildOwnComputerPage :74 -  intel platinum2.2 GHz Intel Pentium Dual-Core E2200is selected[[ChromeDriver: chrome on WINDOWS (82ea684f1a7c8e05f55cc2efd61c6d99)] -> xpath: //select[@id='product_attribute_1']]
2022-12-20 14:01:18 INFO  BuildOwnComputerPage :79 - selection of RAM8GB [+$60.00]is [[ChromeDriver: chrome on WINDOWS (82ea684f1a7c8e05f55cc2efd61c6d99)] -> xpath: //select[@id='product_attribute_2']]
2022-12-20 14:01:18 INFO  BuildOwnComputerPage :84 - selection of HDD[[ChromeDriver: chrome on WINDOWS (82ea684f1a7c8e05f55cc2efd61c6d99)] -> xpath: //input[@id='product_attribute_3_7']]
2022-12-20 14:01:18 INFO  BuildOwnComputerPage :89 - Select vista field tab [[ChromeDriver: chrome on WINDOWS (82ea684f1a7c8e05f55cc2efd61c6d99)] -> id: product_attribute_4_9]
2022-12-20 14:01:18 INFO  BuildOwnComputerPage :94 - click on commander[[ChromeDriver: chrome on WINDOWS (82ea684f1a7c8e05f55cc2efd61c6d99)] -> id: product_attribute_5_12]
2022-12-20 14:01:20 INFO  BuildOwnComputerPage :99 - verify price  [[ChromeDriver: chrome on WINDOWS (82ea684f1a7c8e05f55cc2efd61c6d99)] -> xpath: //span[@id='price-value-1']]
2022-12-20 14:01:21 INFO  BuildOwnComputerPage :104 - click on add to cart[[ChromeDriver: chrome on WINDOWS (82ea684f1a7c8e05f55cc2efd61c6d99)] -> xpath: //button[@id='add-to-cart-button-1']]
2022-12-20 14:01:22 INFO  BuildOwnComputerPage :108 - poduct add to cart[[ChromeDriver: chrome on WINDOWS (82ea684f1a7c8e05f55cc2efd61c6d99)] -> xpath: //body/div[@id='bar-notification']/div[1]]
2022-12-20 14:01:23 INFO  BuildOwnComputerPage :113 - click on shopping cart[[ChromeDriver: chrome on WINDOWS (82ea684f1a7c8e05f55cc2efd61c6d99)] -> xpath: //a[contains(text(),'shopping cart')]]
2022-12-20 14:01:23 INFO  ShoppingCartPage :53 - verify text ShoppingCart[[ChromeDriver: chrome on WINDOWS (82ea684f1a7c8e05f55cc2efd61c6d99)] -> xpath: //h1[contains(text(),'Shopping cart')]]
2022-12-20 14:01:25 INFO  ShoppingCartPage :69 - change quantity to 2[[ChromeDriver: chrome on WINDOWS (82ea684f1a7c8e05f55cc2efd61c6d99)] -> xpath: //td[@class='quantity']/input]
2022-12-20 14:01:25 INFO  ShoppingCartPage :74 -  update shopping cart [[ChromeDriver: chrome on WINDOWS (82ea684f1a7c8e05f55cc2efd61c6d99)] -> id: updatecart]
2022-12-20 14:01:25 INFO  ShoppingCartPage :126 - Total price $698 [[ChromeDriver: chrome on WINDOWS (82ea684f1a7c8e05f55cc2efd61c6d99)] -> xpath: //tr[@class='order-total']/td[2]/span]
2022-12-20 14:01:26 INFO  ShoppingCartPage :95 - click on terms and condition [[ChromeDriver: chrome on WINDOWS (82ea684f1a7c8e05f55cc2efd61c6d99)] -> id: termsofservice]
2022-12-20 14:01:27 INFO  ShoppingCartPage :89 - click on checkout  [[ChromeDriver: chrome on WINDOWS (82ea684f1a7c8e05f55cc2efd61c6d99)] -> id: checkout]
2022-12-20 14:01:28 INFO  CheckOutGuestLoginPage :20 - verify welcome text on page[[ChromeDriver: chrome on WINDOWS (82ea684f1a7c8e05f55cc2efd61c6d99)] -> xpath: //h1[contains(text(),'Welcome, Please Sign In!')]]
2022-12-20 14:01:29 INFO  CheckOutGuestLoginPage :30 - click on checkout guest button[[ChromeDriver: chrome on WINDOWS (82ea684f1a7c8e05f55cc2efd61c6d99)] -> xpath: //button[contains(text(),'Checkout as Guest')]]
2022-12-20 14:01:30 INFO  CheckoutProductsPage :50 - first name Jenna[[ChromeDriver: chrome on WINDOWS (82ea684f1a7c8e05f55cc2efd61c6d99)] -> id: BillingNewAddress_FirstName]
2022-12-20 14:01:30 INFO  CheckoutProductsPage :56 - last name Munim[[ChromeDriver: chrome on WINDOWS (82ea684f1a7c8e05f55cc2efd61c6d99)] -> id: BillingNewAddress_LastName]
2022-12-20 14:01:30 INFO  CheckoutProductsPage :62 - Email ID is Jennamun12@gmail.com[[ChromeDriver: chrome on WINDOWS (82ea684f1a7c8e05f55cc2efd61c6d99)] -> id: BillingNewAddress_Email]
2022-12-20 14:01:30 INFO  CheckoutProductsPage :68 - Country name is  United States[[ChromeDriver: chrome on WINDOWS (82ea684f1a7c8e05f55cc2efd61c6d99)] -> id: BillingNewAddress_CountryId]
2022-12-20 14:01:31 INFO  CheckoutProductsPage :74 - State name is  Alaska[[ChromeDriver: chrome on WINDOWS (82ea684f1a7c8e05f55cc2efd61c6d99)] -> id: BillingNewAddress_StateProvinceId]
2022-12-20 14:01:31 INFO  CheckoutProductsPage :80 -  City name is  naple[[ChromeDriver: chrome on WINDOWS (82ea684f1a7c8e05f55cc2efd61c6d99)] -> id: BillingNewAddress_City]
2022-12-20 14:01:31 INFO  CheckoutProductsPage :86 - Address 1 is  123 cordin view[[ChromeDriver: chrome on WINDOWS (82ea684f1a7c8e05f55cc2efd61c6d99)] -> id: BillingNewAddress_Address1]
2022-12-20 14:01:31 INFO  CheckoutProductsPage :92 - Zip code is 1528[[ChromeDriver: chrome on WINDOWS (82ea684f1a7c8e05f55cc2efd61c6d99)] -> id: BillingNewAddress_ZipPostalCode]
2022-12-20 14:01:31 INFO  CheckoutProductsPage :98 - Phone No is  4585812[[ChromeDriver: chrome on WINDOWS (82ea684f1a7c8e05f55cc2efd61c6d99)] -> id: BillingNewAddress_PhoneNumber]
2022-12-20 14:01:32 INFO  CheckoutProductsPage :103 - Click on continue[[ChromeDriver: chrome on WINDOWS (82ea684f1a7c8e05f55cc2efd61c6d99)] -> xpath: //body/div[6]/div[3]/div[1]/div[1]/div[1]/div[2]/ol[1]/li[1]/div[2]/div[1]/button[4]]
2022-12-20 14:01:33 INFO  CheckoutProductsPage :135 - click on next day delivary[[ChromeDriver: chrome on WINDOWS (82ea684f1a7c8e05f55cc2efd61c6d99)] -> id: shippingoption_1]
2022-12-20 14:01:34 INFO  CheckoutProductsPage :141 - click on countinue tab [[ChromeDriver: chrome on WINDOWS (82ea684f1a7c8e05f55cc2efd61c6d99)] -> xpath: //body/div[6]/div[3]/div[1]/div[1]/div[1]/div[2]/ol[1]/li[3]/div[2]/form[1]/div[2]/button[1]]
2022-12-20 14:01:34 INFO  CheckoutProductsPage :147 - click on paymentmethod[[ChromeDriver: chrome on WINDOWS (82ea684f1a7c8e05f55cc2efd61c6d99)] -> id: paymentmethod_1]
2022-12-20 14:01:35 INFO  CheckoutProductsPage :153 - click on continue [[ChromeDriver: chrome on WINDOWS (82ea684f1a7c8e05f55cc2efd61c6d99)] -> xpath: //body/div[6]/div[3]/div[1]/div[1]/div[1]/div[2]/ol[1]/li[4]/div[2]/div[1]/button[1]]
2022-12-20 14:01:36 INFO  CheckoutProductsPage :159 - mastercard Master cardis selected[[ChromeDriver: chrome on WINDOWS (82ea684f1a7c8e05f55cc2efd61c6d99)] -> xpath: //select[@id='CreditCardType']]
2022-12-20 14:01:36 INFO  CheckoutProductsPage :183 - Enter name   J.H.Mun[[ChromeDriver: chrome on WINDOWS (82ea684f1a7c8e05f55cc2efd61c6d99)] -> xpath: //input[@id='CardholderName']]
2022-12-20 14:01:36 INFO  CheckoutProductsPage :189 - Card No is  5555555555554444[[ChromeDriver: chrome on WINDOWS (82ea684f1a7c8e05f55cc2efd61c6d99)] -> xpath: //input[@id='CardNumber']]
2022-12-20 14:01:36 INFO  CheckoutProductsPage :195 - Enter Month is  01[[ChromeDriver: chrome on WINDOWS (82ea684f1a7c8e05f55cc2efd61c6d99)] -> xpath: //select[@id='ExpireMonth']]
2022-12-20 14:01:36 INFO  CheckoutProductsPage :201 - Enter year is  2025[[ChromeDriver: chrome on WINDOWS (82ea684f1a7c8e05f55cc2efd61c6d99)] -> xpath: //select[@id='ExpireYear']]
2022-12-20 14:01:36 INFO  CheckoutProductsPage :207 - Enter card code is  123[[ChromeDriver: chrome on WINDOWS (82ea684f1a7c8e05f55cc2efd61c6d99)] -> xpath: //input[@id='CardCode']]
2022-12-20 14:01:37 INFO  CheckoutProductsPage :257 - click on continue [[ChromeDriver: chrome on WINDOWS (82ea684f1a7c8e05f55cc2efd61c6d99)] -> xpath: //body/div[6]/div[3]/div[1]/div[1]/div[1]/div[2]/ol[1]/li[5]/div[2]/div[1]/button[1]]
2022-12-20 14:01:38 INFO  CheckoutProductsPage :260 - verify payment method is credit card [[ChromeDriver: chrome on WINDOWS (82ea684f1a7c8e05f55cc2efd61c6d99)] -> xpath: //span[contains(text(),'Credit Card')]]
2022-12-20 14:01:38 INFO  CheckoutProductsPage :265 - verify Shipping method is next day delivary[[ChromeDriver: chrome on WINDOWS (82ea684f1a7c8e05f55cc2efd61c6d99)] -> xpath: //div[@class='order-summary-content']/div/div[2]/div[2]/ul/li/span[2]]
2022-12-20 14:01:38 INFO  CheckoutProductsPage :270 - verify Total is $2950[[ChromeDriver: chrome on WINDOWS (82ea684f1a7c8e05f55cc2efd61c6d99)] -> xpath: //tr[@class='order-total']/td[2]/span]
2022-12-20 14:01:40 INFO  CheckoutProductsPage :277 - click on continue [[ChromeDriver: chrome on WINDOWS (82ea684f1a7c8e05f55cc2efd61c6d99)] -> xpath: //button[contains(text(),'Confirm')]]
2022-12-20 14:01:41 INFO  CheckoutProductsPage :281 - verify text Thank You [[ChromeDriver: chrome on WINDOWS (82ea684f1a7c8e05f55cc2efd61c6d99)] -> xpath: //h1[contains(text(),'Thank you')]]
2022-12-20 14:01:41 INFO  CheckoutProductsPage :286 - Your order has been successfully processed![[ChromeDriver: chrome on WINDOWS (82ea684f1a7c8e05f55cc2efd61c6d99)] -> xpath: //strong[contains(text(),'Your order has been successfully processed!')]]
2022-12-20 14:01:42 INFO  CheckoutProductsPage :293 - click on continue [[ChromeDriver: chrome on WINDOWS (82ea684f1a7c8e05f55cc2efd61c6d99)] -> xpath: //button[contains(text(),'Continue')]]
2022-12-20 14:01:46 INFO  HomePage :111 - on Electronics tab[[ChromeDriver: chrome on WINDOWS (284ea9353d64ab452227d76959129409)] -> xpath: //body/div[6]/div[2]/ul[1]/li[2]/a[1]]
2022-12-20 14:01:48 INFO  HomePage :117 - click on Cell Phone[[ChromeDriver: chrome on WINDOWS (284ea9353d64ab452227d76959129409)] -> xpath: //body/div[6]/div[2]/ul[1]/li[2]/ul[1]/li[2]/a[1]]
2022-12-20 14:01:50 INFO  CellPhonePage :71 - clikc on listview of cellphone[[ChromeDriver: chrome on WINDOWS (284ea9353d64ab452227d76959129409)] -> xpath: //a[contains(text(),'List')]]
2022-12-20 14:01:52 INFO  CellPhonePage :76 - click on nokia lumia product[[ChromeDriver: chrome on WINDOWS (284ea9353d64ab452227d76959129409)] -> xpath: //body/div[6]/div[3]/div[1]/div[3]/div[1]/div[2]/div[2]/div[2]/div[1]/div[1]/div[3]/div[1]/div[2]/h2[1]/a[1]]
2022-12-20 14:01:54 INFO  CellPhonePage :81 - verifying nokia lumia product[[ChromeDriver: chrome on WINDOWS (284ea9353d64ab452227d76959129409)] -> xpath: //h1[contains(text(),'Nokia Lumia 1020')]]
2022-12-20 14:01:54 INFO  CellPhonePage :86 - verifying product price of  nokia lumia product[[ChromeDriver: chrome on WINDOWS (284ea9353d64ab452227d76959129409)] -> xpath: //span[@id='price-value-20']]
2022-12-20 14:02:15 INFO  CellPhonePage :91 - changing Quantity of product2forProxy element for: DefaultElementLocator 'By.xpath: //body/div[6]/div[3]/div[1]/div[3]/div[1]/div[2]/div[2]/div[2]/div[1]/div[1]/div[3]/div[1]/div[2]/h2[1]/a[1]'
2022-12-20 14:02:15 INFO  CellPhonePage :98 - click on add to cart[[ChromeDriver: chrome on WINDOWS (284ea9353d64ab452227d76959129409)] -> xpath: //button[@id='add-to-cart-button-20']]
2022-12-20 14:02:16 INFO  CellPhonePage :103 - verify massage product add to cart[[ChromeDriver: chrome on WINDOWS (284ea9353d64ab452227d76959129409)] -> xpath: //body/div[@id='bar-notification']/div[1]/p[1]]
2022-12-20 14:02:17 INFO  CellPhonePage :109 - click on cross button[[ChromeDriver: chrome on WINDOWS (284ea9353d64ab452227d76959129409)] -> xpath: //body/div[@id='bar-notification']/div[1]/span[1]]
2022-12-20 14:02:17 INFO  BuildOwnComputerPage :113 - click on shopping cart[[ChromeDriver: chrome on WINDOWS (284ea9353d64ab452227d76959129409)] -> xpath: //a[contains(text(),'shopping cart')]]
2022-12-20 14:02:19 INFO  ShoppingCartPage :53 - verify text ShoppingCart[[ChromeDriver: chrome on WINDOWS (284ea9353d64ab452227d76959129409)] -> xpath: //h1[contains(text(),'Shopping cart')]]
2022-12-20 14:02:19 INFO  ShoppingCartPage :77 - Total price $2,950.00 [[ChromeDriver: chrome on WINDOWS (284ea9353d64ab452227d76959129409)] -> xpath: //tr[@class='order-total']/td[2]/span/strong]
2022-12-20 14:02:20 INFO  ShoppingCartPage :95 - click on terms and condition [[ChromeDriver: chrome on WINDOWS (284ea9353d64ab452227d76959129409)] -> id: termsofservice]
2022-12-20 14:02:21 INFO  ShoppingCartPage :89 - click on checkout  [[ChromeDriver: chrome on WINDOWS (284ea9353d64ab452227d76959129409)] -> id: checkout]
2022-12-20 14:02:21 INFO  CheckOutGuestLoginPage :20 - verify welcome text on page[[ChromeDriver: chrome on WINDOWS (284ea9353d64ab452227d76959129409)] -> xpath: //h1[contains(text(),'Welcome, Please Sign In!')]]
2022-12-20 14:02:22 INFO  CheckOutGuestLoginPage :40 - click on register button[[ChromeDriver: chrome on WINDOWS (284ea9353d64ab452227d76959129409)] -> xpath: //button[contains(text(),'Register')]]
2022-12-20 14:02:22 INFO  RegisterPage :39 - first name Siddh[[ChromeDriver: chrome on WINDOWS (284ea9353d64ab452227d76959129409)] -> id: FirstName]
2022-12-20 14:02:22 INFO  RegisterPage :46 - Last name Thak[[ChromeDriver: chrome on WINDOWS (284ea9353d64ab452227d76959129409)] -> id: LastName]
2022-12-20 14:02:22 INFO  RegisterPage :52 - Email is Siddh.thak[[ChromeDriver: chrome on WINDOWS (284ea9353d64ab452227d76959129409)] -> id: Email]
2022-12-20 14:02:23 INFO  RegisterPage :58 - Password is  Siddhthak12[[ChromeDriver: chrome on WINDOWS (284ea9353d64ab452227d76959129409)] -> id: Password]
2022-12-20 14:02:23 INFO  RegisterPage :63 - Confirm password is  Siddhthak12[[ChromeDriver: chrome on WINDOWS (284ea9353d64ab452227d76959129409)] -> xpath: //input[@id='ConfirmPassword']]
2022-12-20 14:02:23 INFO  RegisterPage :71 - click on Register [[ChromeDriver: chrome on WINDOWS (284ea9353d64ab452227d76959129409)] -> xpath: //button[@id='register-button']]
2022-12-20 14:02:23 INFO  RegisterPage :82 - Your registration completed [[ChromeDriver: chrome on WINDOWS (284ea9353d64ab452227d76959129409)] -> xpath: //div[contains(text(),'Your registration completed')]]
2022-12-20 14:02:24 INFO  RegisterPage :95 - click on continue [[ChromeDriver: chrome on WINDOWS (284ea9353d64ab452227d76959129409)] -> xpath: //a[contains(text(),'Continue')]]
2022-12-20 14:02:48 INFO  HomePage :86 - click on Computer Menu[[ChromeDriver: chrome on WINDOWS (226a01038eebfef41a7240f6b1a408d3)] -> xpath: //body/div[6]/div[2]/ul[1]/li[1]/a[1]]
2022-12-20 14:02:49 INFO  HomePage :99 - click on Desktop[[ChromeDriver: chrome on WINDOWS (226a01038eebfef41a7240f6b1a408d3)] -> xpath: //body/div[6]/div[2]/ul[1]/li[1]/ul[1]/li[1]/a[1]]
2022-12-20 14:02:55 INFO  HomePage :86 - click on Computer Menu[[ChromeDriver: chrome on WINDOWS (2044fa0c5c662c8ba35abf1d132f3bdb)] -> xpath: //body/div[6]/div[2]/ul[1]/li[1]/a[1]]
2022-12-20 14:02:56 INFO  HomePage :99 - click on Desktop[[ChromeDriver: chrome on WINDOWS (2044fa0c5c662c8ba35abf1d132f3bdb)] -> xpath: //body/div[6]/div[2]/ul[1]/li[1]/ul[1]/li[1]/a[1]]
2022-12-20 14:02:57 INFO  DesktopPage :39 - click on name A to Z[[ChromeDriver: chrome on WINDOWS (2044fa0c5c662c8ba35abf1d132f3bdb)] -> id: products-orderby]
2022-12-20 14:02:57 INFO  DesktopPage :51 - click on add to cart[[ChromeDriver: chrome on WINDOWS (2044fa0c5c662c8ba35abf1d132f3bdb)] -> xpath: //div[@data-productid='1']/div[2]/div[3]/div[2]/button[1]]
2022-12-20 14:02:58 INFO  BuildOwnComputerPage :69 - BuildYourComputer[[ChromeDriver: chrome on WINDOWS (2044fa0c5c662c8ba35abf1d132f3bdb)] -> xpath: //h1[contains(text(),'Build your own computer')]]
2022-12-20 14:02:58 INFO  BuildOwnComputerPage :74 -  intel platinum2.2 GHz Intel Pentium Dual-Core E2200is selected[[ChromeDriver: chrome on WINDOWS (2044fa0c5c662c8ba35abf1d132f3bdb)] -> xpath: //select[@id='product_attribute_1']]
2022-12-20 14:02:58 INFO  BuildOwnComputerPage :79 - selection of RAM8GB [+$60.00]is [[ChromeDriver: chrome on WINDOWS (2044fa0c5c662c8ba35abf1d132f3bdb)] -> xpath: //select[@id='product_attribute_2']]
2022-12-20 14:02:59 INFO  BuildOwnComputerPage :84 - selection of HDD[[ChromeDriver: chrome on WINDOWS (2044fa0c5c662c8ba35abf1d132f3bdb)] -> xpath: //input[@id='product_attribute_3_7']]
2022-12-20 14:02:59 INFO  BuildOwnComputerPage :89 - Select vista field tab [[ChromeDriver: chrome on WINDOWS (2044fa0c5c662c8ba35abf1d132f3bdb)] -> id: product_attribute_4_9]
2022-12-20 14:02:59 INFO  BuildOwnComputerPage :94 - click on commander[[ChromeDriver: chrome on WINDOWS (2044fa0c5c662c8ba35abf1d132f3bdb)] -> id: product_attribute_5_12]
2022-12-20 14:03:00 INFO  BuildOwnComputerPage :99 - verify price  [[ChromeDriver: chrome on WINDOWS (2044fa0c5c662c8ba35abf1d132f3bdb)] -> xpath: //span[@id='price-value-1']]
2022-12-20 14:03:01 INFO  BuildOwnComputerPage :104 - click on add to cart[[ChromeDriver: chrome on WINDOWS (2044fa0c5c662c8ba35abf1d132f3bdb)] -> xpath: //button[@id='add-to-cart-button-1']]
2022-12-20 14:03:02 INFO  BuildOwnComputerPage :108 - poduct add to cart[[ChromeDriver: chrome on WINDOWS (2044fa0c5c662c8ba35abf1d132f3bdb)] -> xpath: //body/div[@id='bar-notification']/div[1]]
2022-12-20 14:03:03 INFO  BuildOwnComputerPage :113 - click on shopping cart[[ChromeDriver: chrome on WINDOWS (2044fa0c5c662c8ba35abf1d132f3bdb)] -> xpath: //a[contains(text(),'shopping cart')]]
2022-12-20 14:03:04 INFO  ShoppingCartPage :53 - verify text ShoppingCart[[ChromeDriver: chrome on WINDOWS (2044fa0c5c662c8ba35abf1d132f3bdb)] -> xpath: //h1[contains(text(),'Shopping cart')]]
2022-12-20 14:03:05 INFO  ShoppingCartPage :69 - change quantity to 2[[ChromeDriver: chrome on WINDOWS (2044fa0c5c662c8ba35abf1d132f3bdb)] -> xpath: //td[@class='quantity']/input]
2022-12-20 14:03:05 INFO  ShoppingCartPage :74 -  update shopping cart [[ChromeDriver: chrome on WINDOWS (2044fa0c5c662c8ba35abf1d132f3bdb)] -> id: updatecart]
2022-12-20 14:03:05 INFO  ShoppingCartPage :126 - Total price $698 [[ChromeDriver: chrome on WINDOWS (2044fa0c5c662c8ba35abf1d132f3bdb)] -> xpath: //tr[@class='order-total']/td[2]/span]
2022-12-20 14:03:07 INFO  ShoppingCartPage :95 - click on terms and condition [[ChromeDriver: chrome on WINDOWS (2044fa0c5c662c8ba35abf1d132f3bdb)] -> id: termsofservice]
2022-12-20 14:03:07 INFO  ShoppingCartPage :89 - click on checkout  [[ChromeDriver: chrome on WINDOWS (2044fa0c5c662c8ba35abf1d132f3bdb)] -> id: checkout]
2022-12-20 14:03:08 INFO  CheckOutGuestLoginPage :20 - verify welcome text on page[[ChromeDriver: chrome on WINDOWS (2044fa0c5c662c8ba35abf1d132f3bdb)] -> xpath: //h1[contains(text(),'Welcome, Please Sign In!')]]
2022-12-20 14:03:09 INFO  CheckOutGuestLoginPage :30 - click on checkout guest button[[ChromeDriver: chrome on WINDOWS (2044fa0c5c662c8ba35abf1d132f3bdb)] -> xpath: //button[contains(text(),'Checkout as Guest')]]
2022-12-20 14:03:10 INFO  CheckoutProductsPage :50 - first name Jenna[[ChromeDriver: chrome on WINDOWS (2044fa0c5c662c8ba35abf1d132f3bdb)] -> id: BillingNewAddress_FirstName]
2022-12-20 14:03:10 INFO  CheckoutProductsPage :56 - last name Munim[[ChromeDriver: chrome on WINDOWS (2044fa0c5c662c8ba35abf1d132f3bdb)] -> id: BillingNewAddress_LastName]
2022-12-20 14:03:10 INFO  CheckoutProductsPage :62 - Email ID is Jennamun12@gmail.com[[ChromeDriver: chrome on WINDOWS (2044fa0c5c662c8ba35abf1d132f3bdb)] -> id: BillingNewAddress_Email]
2022-12-20 14:03:10 INFO  CheckoutProductsPage :68 - Country name is  United States[[ChromeDriver: chrome on WINDOWS (2044fa0c5c662c8ba35abf1d132f3bdb)] -> id: BillingNewAddress_CountryId]
2022-12-20 14:03:11 INFO  CheckoutProductsPage :74 - State name is  Alaska[[ChromeDriver: chrome on WINDOWS (2044fa0c5c662c8ba35abf1d132f3bdb)] -> id: BillingNewAddress_StateProvinceId]
2022-12-20 14:03:11 INFO  CheckoutProductsPage :80 -  City name is  naple[[ChromeDriver: chrome on WINDOWS (2044fa0c5c662c8ba35abf1d132f3bdb)] -> id: BillingNewAddress_City]
2022-12-20 14:03:11 INFO  CheckoutProductsPage :86 - Address 1 is  123 cordin view[[ChromeDriver: chrome on WINDOWS (2044fa0c5c662c8ba35abf1d132f3bdb)] -> id: BillingNewAddress_Address1]
2022-12-20 14:03:11 INFO  CheckoutProductsPage :92 - Zip code is 1528[[ChromeDriver: chrome on WINDOWS (2044fa0c5c662c8ba35abf1d132f3bdb)] -> id: BillingNewAddress_ZipPostalCode]
2022-12-20 14:03:12 INFO  CheckoutProductsPage :98 - Phone No is  4585812[[ChromeDriver: chrome on WINDOWS (2044fa0c5c662c8ba35abf1d132f3bdb)] -> id: BillingNewAddress_PhoneNumber]
2022-12-20 14:03:13 INFO  CheckoutProductsPage :103 - Click on continue[[ChromeDriver: chrome on WINDOWS (2044fa0c5c662c8ba35abf1d132f3bdb)] -> xpath: //body/div[6]/div[3]/div[1]/div[1]/div[1]/div[2]/ol[1]/li[1]/div[2]/div[1]/button[4]]
2022-12-20 14:03:13 INFO  CheckoutProductsPage :135 - click on next day delivary[[ChromeDriver: chrome on WINDOWS (2044fa0c5c662c8ba35abf1d132f3bdb)] -> id: shippingoption_1]
2022-12-20 14:03:14 INFO  CheckoutProductsPage :141 - click on countinue tab [[ChromeDriver: chrome on WINDOWS (2044fa0c5c662c8ba35abf1d132f3bdb)] -> xpath: //body/div[6]/div[3]/div[1]/div[1]/div[1]/div[2]/ol[1]/li[3]/div[2]/form[1]/div[2]/button[1]]
2022-12-20 14:03:14 INFO  CheckoutProductsPage :147 - click on paymentmethod[[ChromeDriver: chrome on WINDOWS (2044fa0c5c662c8ba35abf1d132f3bdb)] -> id: paymentmethod_1]
2022-12-20 14:03:15 INFO  CheckoutProductsPage :153 - click on continue [[ChromeDriver: chrome on WINDOWS (2044fa0c5c662c8ba35abf1d132f3bdb)] -> xpath: //body/div[6]/div[3]/div[1]/div[1]/div[1]/div[2]/ol[1]/li[4]/div[2]/div[1]/button[1]]
2022-12-20 14:03:16 INFO  CheckoutProductsPage :159 - mastercard Master cardis selected[[ChromeDriver: chrome on WINDOWS (2044fa0c5c662c8ba35abf1d132f3bdb)] -> xpath: //select[@id='CreditCardType']]
2022-12-20 14:03:16 INFO  CheckoutProductsPage :183 - Enter name   J.H.Mun[[ChromeDriver: chrome on WINDOWS (2044fa0c5c662c8ba35abf1d132f3bdb)] -> xpath: //input[@id='CardholderName']]
2022-12-20 14:03:16 INFO  CheckoutProductsPage :189 - Card No is  5555555555554444[[ChromeDriver: chrome on WINDOWS (2044fa0c5c662c8ba35abf1d132f3bdb)] -> xpath: //input[@id='CardNumber']]
2022-12-20 14:03:16 INFO  CheckoutProductsPage :195 - Enter Month is  01[[ChromeDriver: chrome on WINDOWS (2044fa0c5c662c8ba35abf1d132f3bdb)] -> xpath: //select[@id='ExpireMonth']]
2022-12-20 14:03:16 INFO  CheckoutProductsPage :201 - Enter year is  2025[[ChromeDriver: chrome on WINDOWS (2044fa0c5c662c8ba35abf1d132f3bdb)] -> xpath: //select[@id='ExpireYear']]
2022-12-20 14:03:16 INFO  CheckoutProductsPage :207 - Enter card code is  123[[ChromeDriver: chrome on WINDOWS (2044fa0c5c662c8ba35abf1d132f3bdb)] -> xpath: //input[@id='CardCode']]
2022-12-20 14:03:17 INFO  CheckoutProductsPage :257 - click on continue [[ChromeDriver: chrome on WINDOWS (2044fa0c5c662c8ba35abf1d132f3bdb)] -> xpath: //body/div[6]/div[3]/div[1]/div[1]/div[1]/div[2]/ol[1]/li[5]/div[2]/div[1]/button[1]]
2022-12-20 14:03:18 INFO  CheckoutProductsPage :260 - verify payment method is credit card [[ChromeDriver: chrome on WINDOWS (2044fa0c5c662c8ba35abf1d132f3bdb)] -> xpath: //span[contains(text(),'Credit Card')]]
2022-12-20 14:03:19 INFO  CheckoutProductsPage :265 - verify Shipping method is next day delivary[[ChromeDriver: chrome on WINDOWS (2044fa0c5c662c8ba35abf1d132f3bdb)] -> xpath: //div[@class='order-summary-content']/div/div[2]/div[2]/ul/li/span[2]]
2022-12-20 14:03:19 INFO  CheckoutProductsPage :270 - verify Total is $2950[[ChromeDriver: chrome on WINDOWS (2044fa0c5c662c8ba35abf1d132f3bdb)] -> xpath: //tr[@class='order-total']/td[2]/span]
2022-12-20 14:03:20 INFO  CheckoutProductsPage :277 - click on continue [[ChromeDriver: chrome on WINDOWS (2044fa0c5c662c8ba35abf1d132f3bdb)] -> xpath: //button[contains(text(),'Confirm')]]
2022-12-20 14:03:21 INFO  CheckoutProductsPage :281 - verify text Thank You [[ChromeDriver: chrome on WINDOWS (2044fa0c5c662c8ba35abf1d132f3bdb)] -> xpath: //h1[contains(text(),'Thank you')]]
2022-12-20 14:03:21 INFO  CheckoutProductsPage :286 - Your order has been successfully processed![[ChromeDriver: chrome on WINDOWS (2044fa0c5c662c8ba35abf1d132f3bdb)] -> xpath: //strong[contains(text(),'Your order has been successfully processed!')]]
2022-12-20 14:03:22 INFO  CheckoutProductsPage :293 - click on continue [[ChromeDriver: chrome on WINDOWS (2044fa0c5c662c8ba35abf1d132f3bdb)] -> xpath: //button[contains(text(),'Continue')]]
2022-12-20 14:03:27 INFO  HomePage :111 - on Electronics tab[[ChromeDriver: chrome on WINDOWS (3d9f4d7fc024252ce7f6808f22342ff2)] -> xpath: //body/div[6]/div[2]/ul[1]/li[2]/a[1]]
2022-12-20 14:03:29 INFO  HomePage :117 - click on Cell Phone[[ChromeDriver: chrome on WINDOWS (3d9f4d7fc024252ce7f6808f22342ff2)] -> xpath: //body/div[6]/div[2]/ul[1]/li[2]/ul[1]/li[2]/a[1]]
2022-12-20 14:03:34 INFO  HomePage :111 - on Electronics tab[[ChromeDriver: chrome on WINDOWS (453867bee300ee1b31cd14ce88e769a9)] -> xpath: //body/div[6]/div[2]/ul[1]/li[2]/a[1]]
2022-12-20 14:03:36 INFO  HomePage :117 - click on Cell Phone[[ChromeDriver: chrome on WINDOWS (453867bee300ee1b31cd14ce88e769a9)] -> xpath: //body/div[6]/div[2]/ul[1]/li[2]/ul[1]/li[2]/a[1]]
2022-12-20 14:03:38 INFO  CellPhonePage :71 - clikc on listview of cellphone[[ChromeDriver: chrome on WINDOWS (453867bee300ee1b31cd14ce88e769a9)] -> xpath: //a[contains(text(),'List')]]
2022-12-20 14:03:40 INFO  CellPhonePage :76 - click on nokia lumia product[[ChromeDriver: chrome on WINDOWS (453867bee300ee1b31cd14ce88e769a9)] -> xpath: //body/div[6]/div[3]/div[1]/div[3]/div[1]/div[2]/div[2]/div[2]/div[1]/div[1]/div[3]/div[1]/div[2]/h2[1]/a[1]]
2022-12-20 14:03:42 INFO  CellPhonePage :81 - verifying nokia lumia product[[ChromeDriver: chrome on WINDOWS (453867bee300ee1b31cd14ce88e769a9)] -> xpath: //h1[contains(text(),'Nokia Lumia 1020')]]
2022-12-20 14:03:42 INFO  CellPhonePage :86 - verifying product price of  nokia lumia product[[ChromeDriver: chrome on WINDOWS (453867bee300ee1b31cd14ce88e769a9)] -> xpath: //span[@id='price-value-20']]
2022-12-20 14:04:03 INFO  CellPhonePage :91 - changing Quantity of product2forProxy element for: DefaultElementLocator 'By.xpath: //body/div[6]/div[3]/div[1]/div[3]/div[1]/div[2]/div[2]/div[2]/div[1]/div[1]/div[3]/div[1]/div[2]/h2[1]/a[1]'
2022-12-20 14:04:03 INFO  CellPhonePage :98 - click on add to cart[[ChromeDriver: chrome on WINDOWS (453867bee300ee1b31cd14ce88e769a9)] -> xpath: //button[@id='add-to-cart-button-20']]
2022-12-20 14:04:04 INFO  CellPhonePage :103 - verify massage product add to cart[[ChromeDriver: chrome on WINDOWS (453867bee300ee1b31cd14ce88e769a9)] -> xpath: //body/div[@id='bar-notification']/div[1]/p[1]]
2022-12-20 14:04:05 INFO  CellPhonePage :109 - click on cross button[[ChromeDriver: chrome on WINDOWS (453867bee300ee1b31cd14ce88e769a9)] -> xpath: //body/div[@id='bar-notification']/div[1]/span[1]]
2022-12-20 14:04:05 INFO  BuildOwnComputerPage :113 - click on shopping cart[[ChromeDriver: chrome on WINDOWS (453867bee300ee1b31cd14ce88e769a9)] -> xpath: //a[contains(text(),'shopping cart')]]
2022-12-20 14:04:07 INFO  ShoppingCartPage :53 - verify text ShoppingCart[[ChromeDriver: chrome on WINDOWS (453867bee300ee1b31cd14ce88e769a9)] -> xpath: //h1[contains(text(),'Shopping cart')]]
2022-12-20 14:04:07 INFO  ShoppingCartPage :77 - Total price $2,950.00 [[ChromeDriver: chrome on WINDOWS (453867bee300ee1b31cd14ce88e769a9)] -> xpath: //tr[@class='order-total']/td[2]/span/strong]
2022-12-20 14:04:08 INFO  ShoppingCartPage :95 - click on terms and condition [[ChromeDriver: chrome on WINDOWS (453867bee300ee1b31cd14ce88e769a9)] -> id: termsofservice]
2022-12-20 14:04:09 INFO  ShoppingCartPage :89 - click on checkout  [[ChromeDriver: chrome on WINDOWS (453867bee300ee1b31cd14ce88e769a9)] -> id: checkout]
2022-12-20 14:04:09 INFO  CheckOutGuestLoginPage :20 - verify welcome text on page[[ChromeDriver: chrome on WINDOWS (453867bee300ee1b31cd14ce88e769a9)] -> xpath: //h1[contains(text(),'Welcome, Please Sign In!')]]
2022-12-20 14:04:10 INFO  CheckOutGuestLoginPage :40 - click on register button[[ChromeDriver: chrome on WINDOWS (453867bee300ee1b31cd14ce88e769a9)] -> xpath: //button[contains(text(),'Register')]]
2022-12-20 14:04:10 INFO  RegisterPage :39 - first name Siddh[[ChromeDriver: chrome on WINDOWS (453867bee300ee1b31cd14ce88e769a9)] -> id: FirstName]
2022-12-20 14:04:10 INFO  RegisterPage :46 - Last name Thak[[ChromeDriver: chrome on WINDOWS (453867bee300ee1b31cd14ce88e769a9)] -> id: LastName]
2022-12-20 14:04:10 INFO  RegisterPage :52 - Email is Siddh.thak[[ChromeDriver: chrome on WINDOWS (453867bee300ee1b31cd14ce88e769a9)] -> id: Email]
2022-12-20 14:04:11 INFO  RegisterPage :58 - Password is  Siddhthak12[[ChromeDriver: chrome on WINDOWS (453867bee300ee1b31cd14ce88e769a9)] -> id: Password]
2022-12-20 14:04:11 INFO  RegisterPage :63 - Confirm password is  Siddhthak12[[ChromeDriver: chrome on WINDOWS (453867bee300ee1b31cd14ce88e769a9)] -> xpath: //input[@id='ConfirmPassword']]
2022-12-20 14:04:11 INFO  RegisterPage :71 - click on Register [[ChromeDriver: chrome on WINDOWS (453867bee300ee1b31cd14ce88e769a9)] -> xpath: //button[@id='register-button']]
2022-12-20 14:04:11 INFO  RegisterPage :82 - Your registration completed [[ChromeDriver: chrome on WINDOWS (453867bee300ee1b31cd14ce88e769a9)] -> xpath: //div[contains(text(),'Your registration completed')]]
2022-12-20 14:04:12 INFO  RegisterPage :95 - click on continue [[ChromeDriver: chrome on WINDOWS (453867bee300ee1b31cd14ce88e769a9)] -> xpath: //a[contains(text(),'Continue')]]
